<?xml version="1.0" encoding="UTF-8"?>
<coverage generated="1655801771066" clover="3.2.0">
  <project timestamp="1655801771066" name="All files">
    <metrics statements="33" coveredstatements="7" conditionals="2" coveredconditionals="0" methods="14" coveredmethods="2" elements="49" coveredelements="9" complexity="0" loc="33" ncloc="33" packages="1" files="2" classes="2"/>
    <file name="Dom.js" path="C:\Users\rafila81\Desktop\Capstone-JavaScript\Capstone-JavaScript-\src\modules\Dom.js">
      <metrics statements="4" coveredstatements="4" conditionals="0" coveredconditionals="0" methods="0" coveredmethods="0"/>
      <line num="1" count="1" type="stmt"/>
      <line num="2" count="1" type="stmt"/>
      <line num="3" count="1" type="stmt"/>
      <line num="4" count="1" type="stmt"/>
    </file>
    <file name="Functions.js" path="C:\Users\rafila81\Desktop\Capstone-JavaScript\Capstone-JavaScript-\src\modules\Functions.js">
      <metrics statements="29" coveredstatements="3" conditionals="2" coveredconditionals="0" methods="14" coveredmethods="2"/>
      <line num="4" count="0" type="stmt"/>
      <line num="50" count="0" type="stmt"/>
      <line num="51" count="0" type="stmt"/>
      <line num="52" count="0" type="stmt"/>
      <line num="53" count="0" type="stmt"/>
      <line num="54" count="0" type="stmt"/>
      <line num="63" count="0" type="stmt"/>
      <line num="66" count="0" type="stmt"/>
      <line num="68" count="0" type="stmt"/>
      <line num="69" count="0" type="stmt"/>
      <line num="74" count="0" type="stmt"/>
      <line num="75" count="0" type="stmt"/>
      <line num="110" count="2" type="stmt"/>
      <line num="111" count="2" type="stmt"/>
      <line num="115" count="0" type="stmt"/>
      <line num="116" count="0" type="stmt"/>
      <line num="120" count="0" type="stmt"/>
      <line num="121" count="0" type="stmt"/>
      <line num="122" count="0" type="stmt"/>
      <line num="123" count="0" type="stmt"/>
      <line num="128" count="0" type="stmt"/>
      <line num="129" count="0" type="stmt"/>
      <line num="133" count="2" type="stmt"/>
      <line num="137" count="0" type="stmt"/>
      <line num="141" count="0" type="stmt"/>
      <line num="142" count="0" type="stmt"/>
      <line num="143" count="0" type="stmt"/>
      <line num="144" count="0" type="cond" truecount="0" falsecount="2"/>
      <line num="145" count="0" type="stmt"/>
    </file>
  </project>
</coverage>
