<?xml version="1.0" encoding="UTF-8"?>
<coverage generated="1655832921976" clover="3.2.0">
  <project timestamp="1655832921976" name="All files">
    <metrics statements="34" coveredstatements="7" conditionals="2" coveredconditionals="0" methods="14" coveredmethods="2" elements="50" coveredelements="9" complexity="0" loc="34" ncloc="34" packages="1" files="2" classes="2"/>
    <file name="Dom.js" path="C:\Users\rafila81\Desktop\Capstone-JavaScript\Capstone-JavaScript-\src\modules\Dom.js">
      <metrics statements="4" coveredstatements="4" conditionals="0" coveredconditionals="0" methods="0" coveredmethods="0"/>
      <line num="1" count="1" type="stmt"/>
      <line num="2" count="1" type="stmt"/>
      <line num="3" count="1" type="stmt"/>
      <line num="4" count="1" type="stmt"/>
    </file>
    <file name="Functions.js" path="C:\Users\rafila81\Desktop\Capstone-JavaScript\Capstone-JavaScript-\src\modules\Functions.js">
      <metrics statements="30" coveredstatements="3" conditionals="2" coveredconditionals="0" methods="14" coveredmethods="2"/>
      <line num="4" count="0" type="stmt"/>
      <line num="50" count="0" type="stmt"/>
      <line num="51" count="0" type="stmt"/>
      <line num="52" count="0" type="stmt"/>
      <line num="53" count="0" type="stmt"/>
      <line num="54" count="0" type="stmt"/>
      <line num="63" count="0" type="stmt"/>
      <line num="66" count="0" type="stmt"/>
      <line num="68" count="0" type="stmt"/>
      <line num="69" count="0" type="stmt"/>
      <line num="74" count="0" type="stmt"/>
      <line num="75" count="0" type="stmt"/>
      <line num="76" count="0" type="stmt"/>
      <line num="109" count="2" type="stmt"/>
      <line num="110" count="2" type="stmt"/>
      <line num="114" count="0" type="stmt"/>
      <line num="115" count="0" type="stmt"/>
      <line num="119" count="0" type="stmt"/>
      <line num="120" count="0" type="stmt"/>
      <line num="121" count="0" type="stmt"/>
      <line num="122" count="0" type="stmt"/>
      <line num="127" count="0" type="stmt"/>
      <line num="128" count="0" type="stmt"/>
      <line num="132" count="2" type="stmt"/>
      <line num="136" count="0" type="stmt"/>
      <line num="140" count="0" type="stmt"/>
      <line num="141" count="0" type="stmt"/>
      <line num="142" count="0" type="stmt"/>
      <line num="143" count="0" type="cond" truecount="0" falsecount="2"/>
      <line num="144" count="0" type="stmt"/>
    </file>
  </project>
</coverage>
