{"C:\\Users\\rafila81\\Desktop\\Capstone-JavaScript\\Capstone-JavaScript-\\src\\modules\\Dom.js": {"path":"C:\\Users\\rafila81\\Desktop\\Capstone-JavaScript\\Capstone-JavaScript-\\src\\modules\\Dom.js","statementMap":{"0":{"start":{"line":1,"column":14},"end":{"line":1,"column":56}},"1":{"start":{"line":2,"column":16},"end":{"line":2,"column":53}},"2":{"start":{"line":3,"column":14},"end":{"line":3,"column":46}},"3":{"start":{"line":4,"column":24},"end":{"line":4,"column":66}}},"fnMap":{},"branchMap":{},"s":{"0":1,"1":1,"2":1,"3":1},"f":{},"b":{},"_coverageSchema":"1a1c01bbd47fc00a2c39e90264f33305004495a9","hash":"890cbcbb1f5a7f1891b655adf08e4c3354ac2377"}
,"C:\\Users\\rafila81\\Desktop\\Capstone-JavaScript\\Capstone-JavaScript-\\src\\modules\\Functions.js": {"path":"C:\\Users\\rafila81\\Desktop\\Capstone-JavaScript\\Capstone-JavaScript-\\src\\modules\\Functions.js","statementMap":{"0":{"start":{"line":4,"column":2},"end":{"line":49,"column":11}},"1":{"start":{"line":50,"column":17},"end":{"line":50,"column":50}},"2":{"start":{"line":51,"column":2},"end":{"line":64,"column":5}},"3":{"start":{"line":52,"column":16},"end":{"line":52,"column":45}},"4":{"start":{"line":53,"column":4},"end":{"line":53,"column":48}},"5":{"start":{"line":54,"column":4},"end":{"line":62,"column":2}},"6":{"start":{"line":63,"column":4},"end":{"line":63,"column":28}},"7":{"start":{"line":66,"column":19},"end":{"line":66,"column":54}},"8":{"start":{"line":68,"column":2},"end":{"line":70,"column":5}},"9":{"start":{"line":69,"column":4},"end":{"line":69,"column":35}},"10":{"start":{"line":74,"column":2},"end":{"line":106,"column":5}},"11":{"start":{"line":75,"column":4},"end":{"line":105,"column":12}},"12":{"start":{"line":110,"column":14},"end":{"line":110,"column":46}},"13":{"start":{"line":111,"column":2},"end":{"line":111,"column":13}},"14":{"start":{"line":115,"column":25},"end":{"line":115,"column":67}},"15":{"start":{"line":116,"column":2},"end":{"line":116,"column":53}},"16":{"start":{"line":120,"column":25},"end":{"line":120,"column":60}},"17":{"start":{"line":121,"column":16},"end":{"line":121,"column":18}},"18":{"start":{"line":122,"column":2},"end":{"line":127,"column":5}},"19":{"start":{"line":123,"column":4},"end":{"line":126,"column":13}},"20":{"start":{"line":128,"column":2},"end":{"line":128,"column":37}},"21":{"start":{"line":129,"column":2},"end":{"line":129,"column":21}},"22":{"start":{"line":133,"column":2},"end":{"line":133,"column":21}},"23":{"start":{"line":137,"column":2},"end":{"line":137,"column":50}},"24":{"start":{"line":141,"column":20},"end":{"line":141,"column":63}},"25":{"start":{"line":142,"column":2},"end":{"line":148,"column":5}},"26":{"start":{"line":143,"column":4},"end":{"line":147,"column":7}},"27":{"start":{"line":144,"column":6},"end":{"line":146,"column":7}},"28":{"start":{"line":145,"column":8},"end":{"line":145,"column":37}}},"fnMap":{"0":{"name":"DisplayPopup","decl":{"start":{"line":3,"column":9},"end":{"line":3,"column":21}},"loc":{"start":{"line":3,"column":38},"end":{"line":71,"column":1}},"line":3},"1":{"name":"(anonymous_1)","decl":{"start":{"line":51,"column":37},"end":{"line":51,"column":38}},"loc":{"start":{"line":51,"column":50},"end":{"line":64,"column":3}},"line":51},"2":{"name":"(anonymous_2)","decl":{"start":{"line":68,"column":37},"end":{"line":68,"column":38}},"loc":{"start":{"line":68,"column":43},"end":{"line":70,"column":3}},"line":68},"3":{"name":"DisplayCards","decl":{"start":{"line":73,"column":9},"end":{"line":73,"column":21}},"loc":{"start":{"line":73,"column":28},"end":{"line":107,"column":1}},"line":73},"4":{"name":"(anonymous_4)","decl":{"start":{"line":74,"column":15},"end":{"line":74,"column":16}},"loc":{"start":{"line":74,"column":28},"end":{"line":106,"column":3}},"line":74},"5":{"name":"calculateComments","decl":{"start":{"line":109,"column":9},"end":{"line":109,"column":26}},"loc":{"start":{"line":109,"column":33},"end":{"line":112,"column":1}},"line":109},"6":{"name":"CountComment","decl":{"start":{"line":114,"column":9},"end":{"line":114,"column":21}},"loc":{"start":{"line":114,"column":28},"end":{"line":117,"column":1}},"line":114},"7":{"name":"DisplayComments","decl":{"start":{"line":119,"column":9},"end":{"line":119,"column":24}},"loc":{"start":{"line":119,"column":31},"end":{"line":130,"column":1}},"line":119},"8":{"name":"(anonymous_8)","decl":{"start":{"line":122,"column":15},"end":{"line":122,"column":16}},"loc":{"start":{"line":122,"column":25},"end":{"line":127,"column":3}},"line":122},"9":{"name":"countProducts","decl":{"start":{"line":132,"column":9},"end":{"line":132,"column":22}},"loc":{"start":{"line":132,"column":29},"end":{"line":134,"column":1}},"line":132},"10":{"name":"Counter","decl":{"start":{"line":136,"column":9},"end":{"line":136,"column":16}},"loc":{"start":{"line":136,"column":23},"end":{"line":138,"column":1}},"line":136},"11":{"name":"CounterLikes","decl":{"start":{"line":140,"column":9},"end":{"line":140,"column":21}},"loc":{"start":{"line":140,"column":28},"end":{"line":149,"column":1}},"line":140},"12":{"name":"(anonymous_12)","decl":{"start":{"line":142,"column":20},"end":{"line":142,"column":21}},"loc":{"start":{"line":142,"column":30},"end":{"line":148,"column":3}},"line":142},"13":{"name":"(anonymous_13)","decl":{"start":{"line":143,"column":17},"end":{"line":143,"column":18}},"loc":{"start":{"line":143,"column":28},"end":{"line":147,"column":5}},"line":143}},"branchMap":{"0":{"loc":{"start":{"line":144,"column":6},"end":{"line":146,"column":7}},"type":"if","locations":[{"start":{"line":144,"column":6},"end":{"line":146,"column":7}},{"start":{},"end":{}}],"line":144}},"s":{"0":0,"1":0,"2":0,"3":0,"4":0,"5":0,"6":0,"7":0,"8":0,"9":0,"10":0,"11":0,"12":2,"13":2,"14":0,"15":0,"16":0,"17":0,"18":0,"19":0,"20":0,"21":0,"22":2,"23":0,"24":0,"25":0,"26":0,"27":0,"28":0},"f":{"0":0,"1":0,"2":0,"3":0,"4":0,"5":2,"6":0,"7":0,"8":0,"9":2,"10":0,"11":0,"12":0,"13":0},"b":{"0":[0,0]},"_coverageSchema":"1a1c01bbd47fc00a2c39e90264f33305004495a9","hash":"ccbbfc6ea3a60469e0e59c410da4693e28a976ef"}
}
