TN:
SF:src\modules\Dom.js
FNF:0
FNH:0
DA:1,1
DA:2,1
DA:3,1
DA:4,1
LF:4
LH:4
BRF:0
BRH:0
end_of_record
TN:
SF:src\modules\Functions.js
FN:3,DisplayPopup
FN:51,(anonymous_1)
FN:68,(anonymous_2)
FN:73,DisplayCards
FN:74,(anonymous_4)
FN:109,calculateComments
FN:114,CountComment
FN:119,DisplayComments
FN:122,(anonymous_8)
FN:132,countProducts
FN:136,Counter
FN:140,CounterLikes
FN:142,(anonymous_12)
FN:143,(anonymous_13)
FNF:14
FNH:2
FNDA:0,DisplayPopup
FNDA:0,(anonymous_1)
FNDA:0,(anonymous_2)
FNDA:0,DisplayCards
FNDA:0,(anonymous_4)
FNDA:2,calculateComments
FNDA:0,CountComment
FNDA:0,DisplayComments
FNDA:0,(anonymous_8)
FNDA:2,countProducts
FNDA:0,Counter
FNDA:0,CounterLikes
FNDA:0,(anonymous_12)
FNDA:0,(anonymous_13)
DA:4,0
DA:50,0
DA:51,0
DA:52,0
DA:53,0
DA:54,0
DA:63,0
DA:66,0
DA:68,0
DA:69,0
DA:74,0
DA:75,0
DA:110,2
DA:111,2
DA:115,0
DA:116,0
DA:120,0
DA:121,0
DA:122,0
DA:123,0
DA:128,0
DA:129,0
DA:133,2
DA:137,0
DA:141,0
DA:142,0
DA:143,0
DA:144,0
DA:145,0
LF:29
LH:3
BRDA:144,0,0,0
BRDA:144,0,1,0
BRF:2
BRH:0
end_of_record
